C:\Program Files (x86)\Microsoft Visual Studio\2019\Professional\MSBuild\Microsoft\VC\v160\Microsoft.CppBuild.targets(513,5): warning MSB8028: The intermediate directory (Debug\) contains files shared from another project (cpp_bank_using_oop.vcxproj).  This can lead to incorrect clean and rebuild behavior.
C:\Program Files (x86)\Microsoft Visual Studio\2019\Professional\MSBuild\Microsoft\VC\v160\Microsoft.CppBuild.targets(1091,5): warning MSB8027: Two or more files with the name of .NETFramework,Version=v4.0.AssemblyAttributes.cpp will produce outputs to the same location. This can lead to an incorrect build result.  The files involved are debug\.NETFramework,Version=v4.0.AssemblyAttributes.cpp, Debug\.NETFramework,Version=v4.0.AssemblyAttributes.cpp.
  filesGlobal.cpp
  .NETFramework,Version=v4.0.AssemblyAttributes.obj : MSIL module encountered; incremental linking is disabled for MSIL; performing full link
Debug\.NETFramework,Version=v4.0.AssemblyAttributes.obj : warning LNK4042: object specified more than once; extras ignored
UGlobal.obj : error LNK2028: unresolved token (0A000791) "public: virtual __thiscall clsUsers::~clsUsers(void)" (??1clsUsers@@$$FUAE@XZ) referenced in function "public: static void __clrcall clsUsers::<MarshalDestroy>(class clsUsers *)" (?<MarshalDestroy>@clsUsers@@$$FSMXPAV1@@Z)
clsUpdateClientScrean.obj : error LNK2028: unresolved token (0A000843) "public: virtual __thiscall clsUsers::~clsUsers(void)" (??1clsUsers@@$$FUAE@XZ) referenced in function "private: class std::allocator<class clsBankClient> const & __thiscall std::vector<class clsBankClient,class std::allocator<class clsBankClient> >::_Getal(void)const " (?_Getal@?$vector@VclsBankClient@@V?$allocator@VclsBankClient@@@std@@@std@@$$FABEABV?$allocator@VclsBankClient@@@2@XZ)
clsTransferScreen.obj : error LNK2028: unresolved token (0A000842) "public: virtual __thiscall clsUsers::~clsUsers(void)" (??1clsUsers@@$$FUAE@XZ) referenced in function "private: class std::allocator<class clsBankClient> const & __thiscall std::vector<class clsBankClient,class std::allocator<class clsBankClient> >::_Getal(void)const " (?_Getal@?$vector@VclsBankClient@@V?$allocator@VclsBankClient@@@std@@@std@@$$FABEABV?$allocator@VclsBankClient@@@2@XZ)
clsTransferRecordsScreen.obj : error LNK2028: unresolved token (0A000846) "public: virtual __thiscall clsUsers::~clsUsers(void)" (??1clsUsers@@$$FUAE@XZ) referenced in function "private: class std::allocator<class clsBankClient> const & __thiscall std::vector<class clsBankClient,class std::allocator<class clsBankClient> >::_Getal(void)const " (?_Getal@?$vector@VclsBankClient@@V?$allocator@VclsBankClient@@@std@@@std@@$$FABEABV?$allocator@VclsBankClient@@@2@XZ)
clsTransactionScreen.obj : error LNK2028: unresolved token (0A00085D) "public: virtual __thiscall clsUsers::~clsUsers(void)" (??1clsUsers@@$$FUAE@XZ) referenced in function "private: class std::allocator<class clsBankClient> const & __thiscall std::vector<class clsBankClient,class std::allocator<class clsBankClient> >::_Getal(void)const " (?_Getal@?$vector@VclsBankClient@@V?$allocator@VclsBankClient@@@std@@@std@@$$FABEABV?$allocator@VclsBankClient@@@2@XZ)
clsManageUserScreen.obj : error LNK2028: unresolved token (0A00085E) "public: virtual __thiscall clsUsers::~clsUsers(void)" (??1clsUsers@@$$FUAE@XZ) referenced in function "private: class std::allocator<class clsBankClient> const & __thiscall std::vector<class clsBankClient,class std::allocator<class clsBankClient> >::_Getal(void)const " (?_Getal@?$vector@VclsBankClient@@V?$allocator@VclsBankClient@@@std@@@std@@$$FABEABV?$allocator@VclsBankClient@@@2@XZ)
clsMainScreen.obj : error LNK2020: unresolved token (0A000957) "public: virtual __thiscall clsUsers::~clsUsers(void)" (??1clsUsers@@$$FUAE@XZ)
clsLoginScreen.obj : error LNK2020: unresolved token (0A00095D) "public: virtual __thiscall clsUsers::~clsUsers(void)" (??1clsUsers@@$$FUAE@XZ)
clsLoginRegisterScreen.obj : error LNK2020: unresolved token (0A0007F7) "public: virtual __thiscall clsUsers::~clsUsers(void)" (??1clsUsers@@$$FUAE@XZ)
clsListUserScreen.obj : error LNK2028: unresolved token (0A00079D) "public: virtual __thiscall clsUsers::~clsUsers(void)" (??1clsUsers@@$$FUAE@XZ) referenced in function "private: class std::allocator<class clsUsers> & __thiscall std::vector<class clsUsers,class std::allocator<class clsUsers> >::_Getal(void)" (?_Getal@?$vector@VclsUsers@@V?$allocator@VclsUsers@@@std@@@std@@$$FAAEAAV?$allocator@VclsUsers@@@2@XZ)
clsFindUserScreen.obj : error LNK2028: unresolved token (0A00079B) "public: virtual __thiscall clsUsers::~clsUsers(void)" (??1clsUsers@@$$FUAE@XZ) referenced in function "private: class std::allocator<class clsUsers> & __thiscall std::vector<class clsUsers,class std::allocator<class clsUsers> >::_Getal(void)" (?_Getal@?$vector@VclsUsers@@V?$allocator@VclsUsers@@@std@@@std@@$$FAAEAAV?$allocator@VclsUsers@@@2@XZ)
clsFindCurrencyScreen.obj : error LNK2028: unresolved token (0A0007FA) "public: virtual __thiscall clsUsers::~clsUsers(void)" (??1clsUsers@@$$FUAE@XZ) referenced in function "public: static void __clrcall clsUsers::<MarshalDestroy>(class clsUsers *)" (?<MarshalDestroy>@clsUsers@@$$FSMXPAV1@@Z)
clsFindClientScreen.obj : error LNK2028: unresolved token (0A00083F) "public: virtual __thiscall clsUsers::~clsUsers(void)" (??1clsUsers@@$$FUAE@XZ) referenced in function "private: class std::allocator<class clsBankClient> const & __thiscall std::vector<class clsBankClient,class std::allocator<class clsBankClient> >::_Getal(void)const " (?_Getal@?$vector@VclsBankClient@@V?$allocator@VclsBankClient@@@std@@@std@@$$FABEABV?$allocator@VclsBankClient@@@2@XZ)
clsDepositsScreen.obj : error LNK2028: unresolved token (0A000840) "public: virtual __thiscall clsUsers::~clsUsers(void)" (??1clsUsers@@$$FUAE@XZ) referenced in function "private: class std::allocator<class clsBankClient> const & __thiscall std::vector<class clsBankClient,class std::allocator<class clsBankClient> >::_Getal(void)const " (?_Getal@?$vector@VclsBankClient@@V?$allocator@VclsBankClient@@@std@@@std@@$$FABEABV?$allocator@VclsBankClient@@@2@XZ)
clsDeleteUserScreen.obj : error LNK2028: unresolved token (0A00079F) "public: virtual __thiscall clsUsers::~clsUsers(void)" (??1clsUsers@@$$FUAE@XZ) referenced in function "private: class std::allocator<class clsUsers> & __thiscall std::vector<class clsUsers,class std::allocator<class clsUsers> >::_Getal(void)" (?_Getal@?$vector@VclsUsers@@V?$allocator@VclsUsers@@@std@@@std@@$$FAAEAAV?$allocator@VclsUsers@@@2@XZ)
clsDeleteClientScreen.obj : error LNK2028: unresolved token (0A000843) "public: virtual __thiscall clsUsers::~clsUsers(void)" (??1clsUsers@@$$FUAE@XZ) referenced in function "private: class std::allocator<class clsBankClient> const & __thiscall std::vector<class clsBankClient,class std::allocator<class clsBankClient> >::_Getal(void)const " (?_Getal@?$vector@VclsBankClient@@V?$allocator@VclsBankClient@@@std@@@std@@$$FABEABV?$allocator@VclsBankClient@@@2@XZ)
clsCurrencyExchangeScreen.obj : error LNK2028: unresolved token (0A000817) "public: virtual __thiscall clsUsers::~clsUsers(void)" (??1clsUsers@@$$FUAE@XZ) referenced in function "public: static void __clrcall clsUsers::<MarshalDestroy>(class clsUsers *)" (?<MarshalDestroy>@clsUsers@@$$FSMXPAV1@@Z)
clsCurrencyCalculatorScreen.obj : error LNK2028: unresolved token (0A0007FD) "public: virtual __thiscall clsUsers::~clsUsers(void)" (??1clsUsers@@$$FUAE@XZ) referenced in function "public: static void __clrcall clsUsers::<MarshalDestroy>(class clsUsers *)" (?<MarshalDestroy>@clsUsers@@$$FSMXPAV1@@Z)
clsCurrency.obj : error LNK2028: unresolved token (0A0007EC) "public: virtual __thiscall clsUsers::~clsUsers(void)" (??1clsUsers@@$$FUAE@XZ) referenced in function "public: static void __clrcall clsUsers::<MarshalDestroy>(class clsUsers *)" (?<MarshalDestroy>@clsUsers@@$$FSMXPAV1@@Z)
clsCurrenciesListScreen.obj : error LNK2028: unresolved token (0A0007F9) "public: virtual __thiscall clsUsers::~clsUsers(void)" (??1clsUsers@@$$FUAE@XZ) referenced in function "public: static void __clrcall clsUsers::<MarshalDestroy>(class clsUsers *)" (?<MarshalDestroy>@clsUsers@@$$FSMXPAV1@@Z)
clsClientListScreen.obj : error LNK2028: unresolved token (0A000840) "public: virtual __thiscall clsUsers::~clsUsers(void)" (??1clsUsers@@$$FUAE@XZ) referenced in function "private: class std::allocator<class clsBankClient> const & __thiscall std::vector<class clsBankClient,class std::allocator<class clsBankClient> >::_Getal(void)const " (?_Getal@?$vector@VclsBankClient@@V?$allocator@VclsBankClient@@@std@@@std@@$$FABEABV?$allocator@VclsBankClient@@@2@XZ)
clsBankClient.obj : error LNK2028: unresolved token (0A000831) "public: virtual __thiscall clsUsers::~clsUsers(void)" (??1clsUsers@@$$FUAE@XZ) referenced in function "public: static void __clrcall clsUsers::<MarshalDestroy>(class clsUsers *)" (?<MarshalDestroy>@clsUsers@@$$FSMXPAV1@@Z)
clsAddNewUserScreen.obj : error LNK2028: unresolved token (0A0007A2) "public: virtual __thiscall clsUsers::~clsUsers(void)" (??1clsUsers@@$$FUAE@XZ) referenced in function "private: class std::allocator<class clsUsers> & __thiscall std::vector<class clsUsers,class std::allocator<class clsUsers> >::_Getal(void)" (?_Getal@?$vector@VclsUsers@@V?$allocator@VclsUsers@@@std@@@std@@$$FAAEAAV?$allocator@VclsUsers@@@2@XZ)
clsAddNewClientScreen.obj : error LNK2028: unresolved token (0A000844) "public: virtual __thiscall clsUsers::~clsUsers(void)" (??1clsUsers@@$$FUAE@XZ) referenced in function "private: class std::allocator<class clsBankClient> const & __thiscall std::vector<class clsBankClient,class std::allocator<class clsBankClient> >::_Getal(void)const " (?_Getal@?$vector@VclsBankClient@@V?$allocator@VclsBankClient@@@std@@@std@@$$FABEABV?$allocator@VclsBankClient@@@2@XZ)
main.obj : error LNK2028: unresolved token (0A00095C) "public: virtual __thiscall clsUsers::~clsUsers(void)" (??1clsUsers@@$$FUAE@XZ) referenced in function "public: static void __clrcall clsUsers::<MarshalDestroy>(class clsUsers *)" (?<MarshalDestroy>@clsUsers@@$$FSMXPAV1@@Z)
clsUpdateClientScrean.obj : error LNK2028: unresolved token (0A000890) "public: __thiscall clsScreen::clsScreen(void)" (??0clsScreen@@$$FQAE@XZ) referenced in function "public: __thiscall clsUpdateClientScrean::clsUpdateClientScrean(void)" (??0clsUpdateClientScrean@@$$FQAE@XZ)
clsTransferScreen.obj : error LNK2028: unresolved token (0A000890) "public: __thiscall clsScreen::clsScreen(void)" (??0clsScreen@@$$FQAE@XZ) referenced in function "public: __thiscall clsTransferScreen::clsTransferScreen(void)" (??0clsTransferScreen@@$$FQAE@XZ)
clsTransferRecordsScreen.obj : error LNK2028: unresolved token (0A000894) "public: __thiscall clsScreen::clsScreen(void)" (??0clsScreen@@$$FQAE@XZ) referenced in function "public: __thiscall clsTransferRecordsScreen::clsTransferRecordsScreen(void)" (??0clsTransferRecordsScreen@@$$FQAE@XZ)
clsTransactionScreen.obj : error LNK2028: unresolved token (0A0008AB) "public: __thiscall clsScreen::clsScreen(void)" (??0clsScreen@@$$FQAE@XZ) referenced in function "public: __thiscall clsTransactionScreen::clsTransactionScreen(void)" (??0clsTransactionScreen@@$$FQAE@XZ)
clsManageUserScreen.obj : error LNK2028: unresolved token (0A0008AC) "public: __thiscall clsScreen::clsScreen(void)" (??0clsScreen@@$$FQAE@XZ) referenced in function "public: __thiscall clsManageUserScreen::clsManageUserScreen(void)" (??0clsManageUserScreen@@$$FQAE@XZ)
clsMainScreen.obj : error LNK2028: unresolved token (0A0009A5) "public: __thiscall clsScreen::clsScreen(void)" (??0clsScreen@@$$FQAE@XZ) referenced in function "public: static void __clrcall clsCurrency::<MarshalDestroy>(class clsCurrency *)" (?<MarshalDestroy>@clsCurrency@@$$FSMXPAV1@@Z)
clsLoginScreen.obj : error LNK2028: unresolved token (0A0009AB) "public: __thiscall clsScreen::clsScreen(void)" (??0clsScreen@@$$FQAE@XZ) referenced in function "public: static void __clrcall clsCurrency::<MarshalDestroy>(class clsCurrency *)" (?<MarshalDestroy>@clsCurrency@@$$FSMXPAV1@@Z)
clsLoginRegisterScreen.obj : error LNK2028: unresolved token (0A000844) "public: __thiscall clsScreen::clsScreen(void)" (??0clsScreen@@$$FQAE@XZ) referenced in function "public: static void __clrcall clsLoginRecords::<MarshalDestroy>(class clsLoginRecords *)" (?<MarshalDestroy>@clsLoginRecords@@$$FSMXPAV1@@Z)
clsListUserScreen.obj : error LNK2028: unresolved token (0A0007EA) "public: __thiscall clsScreen::clsScreen(void)" (??0clsScreen@@$$FQAE@XZ) referenced in function "public: __thiscall clsListUserScreen::clsListUserScreen(void)" (??0clsListUserScreen@@$$FQAE@XZ)
clsFindUserScreen.obj : error LNK2028: unresolved token (0A0007E8) "public: __thiscall clsScreen::clsScreen(void)" (??0clsScreen@@$$FQAE@XZ) referenced in function "public: __thiscall clsFindUserScreen::clsFindUserScreen(void)" (??0clsFindUserScreen@@$$FQAE@XZ)
clsFindCurrencyScreen.obj : error LNK2028: unresolved token (0A000847) "public: __thiscall clsScreen::clsScreen(void)" (??0clsScreen@@$$FQAE@XZ) referenced in function "public: static void __clrcall clsCurrency::<MarshalDestroy>(class clsCurrency *)" (?<MarshalDestroy>@clsCurrency@@$$FSMXPAV1@@Z)
clsFindClientScreen.obj : error LNK2028: unresolved token (0A00088C) "public: __thiscall clsScreen::clsScreen(void)" (??0clsScreen@@$$FQAE@XZ) referenced in function "public: __thiscall clsFindClientScreen::clsFindClientScreen(void)" (??0clsFindClientScreen@@$$FQAE@XZ)
clsDepositsScreen.obj : error LNK2028: unresolved token (0A00088D) "public: __thiscall clsScreen::clsScreen(void)" (??0clsScreen@@$$FQAE@XZ) referenced in function "public: __thiscall clsDepositsScreen::clsDepositsScreen(void)" (??0clsDepositsScreen@@$$FQAE@XZ)
clsDeleteUserScreen.obj : error LNK2028: unresolved token (0A0007EC) "public: __thiscall clsScreen::clsScreen(void)" (??0clsScreen@@$$FQAE@XZ) referenced in function "public: __thiscall clsDeleteUserScreen::clsDeleteUserScreen(void)" (??0clsDeleteUserScreen@@$$FQAE@XZ)
clsDeleteClientScreen.obj : error LNK2028: unresolved token (0A000890) "public: __thiscall clsScreen::clsScreen(void)" (??0clsScreen@@$$FQAE@XZ) referenced in function "public: __thiscall clsDeleteClientScreen::clsDeleteClientScreen(void)" (??0clsDeleteClientScreen@@$$FQAE@XZ)
clsCurrencyExchangeScreen.obj : error LNK2028: unresolved token (0A000865) "public: __thiscall clsScreen::clsScreen(void)" (??0clsScreen@@$$FQAE@XZ) referenced in function "public: static void __clrcall clsCurrency::<MarshalDestroy>(class clsCurrency *)" (?<MarshalDestroy>@clsCurrency@@$$FSMXPAV1@@Z)
clsCurrencyCalculatorScreen.obj : error LNK2028: unresolved token (0A00084B) "public: __thiscall clsScreen::clsScreen(void)" (??0clsScreen@@$$FQAE@XZ) referenced in function "public: static void __clrcall clsCurrency::<MarshalDestroy>(class clsCurrency *)" (?<MarshalDestroy>@clsCurrency@@$$FSMXPAV1@@Z)
clsCurrenciesListScreen.obj : error LNK2028: unresolved token (0A000846) "public: __thiscall clsScreen::clsScreen(void)" (??0clsScreen@@$$FQAE@XZ) referenced in function "public: static void __clrcall clsCurrency::<MarshalDestroy>(class clsCurrency *)" (?<MarshalDestroy>@clsCurrency@@$$FSMXPAV1@@Z)
clsClientListScreen.obj : error LNK2028: unresolved token (0A00088D) "public: __thiscall clsScreen::clsScreen(void)" (??0clsScreen@@$$FQAE@XZ) referenced in function "public: __thiscall clsClientListScreen::clsClientListScreen(void)" (??0clsClientListScreen@@$$FQAE@XZ)
clsAddNewUserScreen.obj : error LNK2028: unresolved token (0A0007EF) "public: __thiscall clsScreen::clsScreen(void)" (??0clsScreen@@$$FQAE@XZ) referenced in function "public: __thiscall clsAddNewUserScreen::clsAddNewUserScreen(void)" (??0clsAddNewUserScreen@@$$FQAE@XZ)
clsAddNewClientScreen.obj : error LNK2028: unresolved token (0A000891) "public: __thiscall clsScreen::clsScreen(void)" (??0clsScreen@@$$FQAE@XZ) referenced in function "public: __thiscall clsAddNewClientScreen::clsAddNewClientScreen(void)" (??0clsAddNewClientScreen@@$$FQAE@XZ)
clsUpdateClientScrean.obj : error LNK2028: unresolved token (0A000891) "public: virtual __thiscall clsScreen::~clsScreen(void)" (??1clsScreen@@$$FUAE@XZ) referenced in function "public: __thiscall clsUpdateClientScrean::clsUpdateClientScrean(void)" (??0clsUpdateClientScrean@@$$FQAE@XZ)
clsTransferScreen.obj : error LNK2028: unresolved token (0A000891) "public: virtual __thiscall clsScreen::~clsScreen(void)" (??1clsScreen@@$$FUAE@XZ) referenced in function "public: __thiscall clsTransferScreen::clsTransferScreen(void)" (??0clsTransferScreen@@$$FQAE@XZ)
clsTransferRecordsScreen.obj : error LNK2028: unresolved token (0A000895) "public: virtual __thiscall clsScreen::~clsScreen(void)" (??1clsScreen@@$$FUAE@XZ) referenced in function "public: __thiscall clsTransferRecordsScreen::clsTransferRecordsScreen(void)" (??0clsTransferRecordsScreen@@$$FQAE@XZ)
clsTransactionScreen.obj : error LNK2028: unresolved token (0A0008AC) "public: virtual __thiscall clsScreen::~clsScreen(void)" (??1clsScreen@@$$FUAE@XZ) referenced in function "public: __thiscall clsTransactionScreen::clsTransactionScreen(void)" (??0clsTransactionScreen@@$$FQAE@XZ)
clsManageUserScreen.obj : error LNK2028: unresolved token (0A0008AD) "public: virtual __thiscall clsScreen::~clsScreen(void)" (??1clsScreen@@$$FUAE@XZ) referenced in function "public: __thiscall clsManageUserScreen::clsManageUserScreen(void)" (??0clsManageUserScreen@@$$FQAE@XZ)
clsMainScreen.obj : error LNK2020: unresolved token (0A0009A6) "public: virtual __thiscall clsScreen::~clsScreen(void)" (??1clsScreen@@$$FUAE@XZ)
clsLoginScreen.obj : error LNK2020: unresolved token (0A0009AC) "public: virtual __thiscall clsScreen::~clsScreen(void)" (??1clsScreen@@$$FUAE@XZ)
clsLoginRegisterScreen.obj : error LNK2020: unresolved token (0A000845) "public: virtual __thiscall clsScreen::~clsScreen(void)" (??1clsScreen@@$$FUAE@XZ)
clsListUserScreen.obj : error LNK2028: unresolved token (0A0007EB) "public: virtual __thiscall clsScreen::~clsScreen(void)" (??1clsScreen@@$$FUAE@XZ) referenced in function "public: __thiscall clsListUserScreen::clsListUserScreen(void)" (??0clsListUserScreen@@$$FQAE@XZ)
clsFindUserScreen.obj : error LNK2028: unresolved token (0A0007E9) "public: virtual __thiscall clsScreen::~clsScreen(void)" (??1clsScreen@@$$FUAE@XZ) referenced in function "public: __thiscall clsFindUserScreen::clsFindUserScreen(void)" (??0clsFindUserScreen@@$$FQAE@XZ)
clsFindCurrencyScreen.obj : error LNK2020: unresolved token (0A000848) "public: virtual __thiscall clsScreen::~clsScreen(void)" (??1clsScreen@@$$FUAE@XZ)
clsFindClientScreen.obj : error LNK2028: unresolved token (0A00088D) "public: virtual __thiscall clsScreen::~clsScreen(void)" (??1clsScreen@@$$FUAE@XZ) referenced in function "public: __thiscall clsFindClientScreen::clsFindClientScreen(void)" (??0clsFindClientScreen@@$$FQAE@XZ)
clsDepositsScreen.obj : error LNK2028: unresolved token (0A00088E) "public: virtual __thiscall clsScreen::~clsScreen(void)" (??1clsScreen@@$$FUAE@XZ) referenced in function "public: __thiscall clsDepositsScreen::clsDepositsScreen(void)" (??0clsDepositsScreen@@$$FQAE@XZ)
clsDeleteUserScreen.obj : error LNK2028: unresolved token (0A0007ED) "public: virtual __thiscall clsScreen::~clsScreen(void)" (??1clsScreen@@$$FUAE@XZ) referenced in function "public: __thiscall clsDeleteUserScreen::clsDeleteUserScreen(void)" (??0clsDeleteUserScreen@@$$FQAE@XZ)
clsDeleteClientScreen.obj : error LNK2028: unresolved token (0A000891) "public: virtual __thiscall clsScreen::~clsScreen(void)" (??1clsScreen@@$$FUAE@XZ) referenced in function "public: __thiscall clsDeleteClientScreen::clsDeleteClientScreen(void)" (??0clsDeleteClientScreen@@$$FQAE@XZ)
clsCurrencyExchangeScreen.obj : error LNK2020: unresolved token (0A000866) "public: virtual __thiscall clsScreen::~clsScreen(void)" (??1clsScreen@@$$FUAE@XZ)
clsCurrencyCalculatorScreen.obj : error LNK2020: unresolved token (0A00084C) "public: virtual __thiscall clsScreen::~clsScreen(void)" (??1clsScreen@@$$FUAE@XZ)
clsCurrenciesListScreen.obj : error LNK2020: unresolved token (0A000847) "public: virtual __thiscall clsScreen::~clsScreen(void)" (??1clsScreen@@$$FUAE@XZ)
clsClientListScreen.obj : error LNK2028: unresolved token (0A00088E) "public: virtual __thiscall clsScreen::~clsScreen(void)" (??1clsScreen@@$$FUAE@XZ) referenced in function "public: __thiscall clsClientListScreen::clsClientListScreen(void)" (??0clsClientListScreen@@$$FQAE@XZ)
clsAddNewUserScreen.obj : error LNK2028: unresolved token (0A0007F0) "public: virtual __thiscall clsScreen::~clsScreen(void)" (??1clsScreen@@$$FUAE@XZ) referenced in function "public: __thiscall clsAddNewUserScreen::clsAddNewUserScreen(void)" (??0clsAddNewUserScreen@@$$FQAE@XZ)
clsAddNewClientScreen.obj : error LNK2028: unresolved token (0A000892) "public: virtual __thiscall clsScreen::~clsScreen(void)" (??1clsScreen@@$$FUAE@XZ) referenced in function "public: __thiscall clsAddNewClientScreen::clsAddNewClientScreen(void)" (??0clsAddNewClientScreen@@$$FQAE@XZ)
UGlobal.obj : error LNK2019: unresolved external symbol "public: virtual __thiscall clsUsers::~clsUsers(void)" (??1clsUsers@@$$FUAE@XZ) referenced in function "public: static void __clrcall clsUsers::<MarshalDestroy>(class clsUsers *)" (?<MarshalDestroy>@clsUsers@@$$FSMXPAV1@@Z)
clsTransactionScreen.obj : error LNK2001: unresolved external symbol "public: virtual __thiscall clsUsers::~clsUsers(void)" (??1clsUsers@@$$FUAE@XZ)
clsTransferRecordsScreen.obj : error LNK2001: unresolved external symbol "public: virtual __thiscall clsUsers::~clsUsers(void)" (??1clsUsers@@$$FUAE@XZ)
clsTransferScreen.obj : error LNK2001: unresolved external symbol "public: virtual __thiscall clsUsers::~clsUsers(void)" (??1clsUsers@@$$FUAE@XZ)
clsUpdateClientScrean.obj : error LNK2001: unresolved external symbol "public: virtual __thiscall clsUsers::~clsUsers(void)" (??1clsUsers@@$$FUAE@XZ)
clsLoginRegisterScreen.obj : error LNK2001: unresolved external symbol "public: virtual __thiscall clsUsers::~clsUsers(void)" (??1clsUsers@@$$FUAE@XZ)
clsLoginScreen.obj : error LNK2001: unresolved external symbol "public: virtual __thiscall clsUsers::~clsUsers(void)" (??1clsUsers@@$$FUAE@XZ)
clsMainScreen.obj : error LNK2001: unresolved external symbol "public: virtual __thiscall clsUsers::~clsUsers(void)" (??1clsUsers@@$$FUAE@XZ)
clsManageUserScreen.obj : error LNK2001: unresolved external symbol "public: virtual __thiscall clsUsers::~clsUsers(void)" (??1clsUsers@@$$FUAE@XZ)
clsFindClientScreen.obj : error LNK2001: unresolved external symbol "public: virtual __thiscall clsUsers::~clsUsers(void)" (??1clsUsers@@$$FUAE@XZ)
clsFindCurrencyScreen.obj : error LNK2001: unresolved external symbol "public: virtual __thiscall clsUsers::~clsUsers(void)" (??1clsUsers@@$$FUAE@XZ)
clsFindUserScreen.obj : error LNK2001: unresolved external symbol "public: virtual __thiscall clsUsers::~clsUsers(void)" (??1clsUsers@@$$FUAE@XZ)
clsListUserScreen.obj : error LNK2001: unresolved external symbol "public: virtual __thiscall clsUsers::~clsUsers(void)" (??1clsUsers@@$$FUAE@XZ)
clsCurrencyExchangeScreen.obj : error LNK2001: unresolved external symbol "public: virtual __thiscall clsUsers::~clsUsers(void)" (??1clsUsers@@$$FUAE@XZ)
clsDeleteClientScreen.obj : error LNK2001: unresolved external symbol "public: virtual __thiscall clsUsers::~clsUsers(void)" (??1clsUsers@@$$FUAE@XZ)
clsDeleteUserScreen.obj : error LNK2001: unresolved external symbol "public: virtual __thiscall clsUsers::~clsUsers(void)" (??1clsUsers@@$$FUAE@XZ)
clsDepositsScreen.obj : error LNK2001: unresolved external symbol "public: virtual __thiscall clsUsers::~clsUsers(void)" (??1clsUsers@@$$FUAE@XZ)
clsClientListScreen.obj : error LNK2001: unresolved external symbol "public: virtual __thiscall clsUsers::~clsUsers(void)" (??1clsUsers@@$$FUAE@XZ)
clsCurrenciesListScreen.obj : error LNK2001: unresolved external symbol "public: virtual __thiscall clsUsers::~clsUsers(void)" (??1clsUsers@@$$FUAE@XZ)
clsCurrency.obj : error LNK2001: unresolved external symbol "public: virtual __thiscall clsUsers::~clsUsers(void)" (??1clsUsers@@$$FUAE@XZ)
clsCurrencyCalculatorScreen.obj : error LNK2001: unresolved external symbol "public: virtual __thiscall clsUsers::~clsUsers(void)" (??1clsUsers@@$$FUAE@XZ)
main.obj : error LNK2001: unresolved external symbol "public: virtual __thiscall clsUsers::~clsUsers(void)" (??1clsUsers@@$$FUAE@XZ)
clsAddNewClientScreen.obj : error LNK2001: unresolved external symbol "public: virtual __thiscall clsUsers::~clsUsers(void)" (??1clsUsers@@$$FUAE@XZ)
clsAddNewUserScreen.obj : error LNK2001: unresolved external symbol "public: virtual __thiscall clsUsers::~clsUsers(void)" (??1clsUsers@@$$FUAE@XZ)
clsBankClient.obj : error LNK2001: unresolved external symbol "public: virtual __thiscall clsUsers::~clsUsers(void)" (??1clsUsers@@$$FUAE@XZ)
clsUpdateClientScrean.obj : error LNK2019: unresolved external symbol "public: __thiscall clsScreen::clsScreen(void)" (??0clsScreen@@$$FQAE@XZ) referenced in function "public: __thiscall clsUpdateClientScrean::clsUpdateClientScrean(void)" (??0clsUpdateClientScrean@@$$FQAE@XZ)
clsManageUserScreen.obj : error LNK2001: unresolved external symbol "public: __thiscall clsScreen::clsScreen(void)" (??0clsScreen@@$$FQAE@XZ)
clsTransactionScreen.obj : error LNK2001: unresolved external symbol "public: __thiscall clsScreen::clsScreen(void)" (??0clsScreen@@$$FQAE@XZ)
clsTransferRecordsScreen.obj : error LNK2001: unresolved external symbol "public: __thiscall clsScreen::clsScreen(void)" (??0clsScreen@@$$FQAE@XZ)
clsTransferScreen.obj : error LNK2001: unresolved external symbol "public: __thiscall clsScreen::clsScreen(void)" (??0clsScreen@@$$FQAE@XZ)
clsListUserScreen.obj : error LNK2001: unresolved external symbol "public: __thiscall clsScreen::clsScreen(void)" (??0clsScreen@@$$FQAE@XZ)
clsLoginRegisterScreen.obj : error LNK2001: unresolved external symbol "public: __thiscall clsScreen::clsScreen(void)" (??0clsScreen@@$$FQAE@XZ)
clsLoginScreen.obj : error LNK2001: unresolved external symbol "public: __thiscall clsScreen::clsScreen(void)" (??0clsScreen@@$$FQAE@XZ)
clsMainScreen.obj : error LNK2001: unresolved external symbol "public: __thiscall clsScreen::clsScreen(void)" (??0clsScreen@@$$FQAE@XZ)
clsDepositsScreen.obj : error LNK2001: unresolved external symbol "public: __thiscall clsScreen::clsScreen(void)" (??0clsScreen@@$$FQAE@XZ)
clsFindClientScreen.obj : error LNK2001: unresolved external symbol "public: __thiscall clsScreen::clsScreen(void)" (??0clsScreen@@$$FQAE@XZ)
clsFindCurrencyScreen.obj : error LNK2001: unresolved external symbol "public: __thiscall clsScreen::clsScreen(void)" (??0clsScreen@@$$FQAE@XZ)
clsFindUserScreen.obj : error LNK2001: unresolved external symbol "public: __thiscall clsScreen::clsScreen(void)" (??0clsScreen@@$$FQAE@XZ)
clsCurrencyCalculatorScreen.obj : error LNK2001: unresolved external symbol "public: __thiscall clsScreen::clsScreen(void)" (??0clsScreen@@$$FQAE@XZ)
clsCurrencyExchangeScreen.obj : error LNK2001: unresolved external symbol "public: __thiscall clsScreen::clsScreen(void)" (??0clsScreen@@$$FQAE@XZ)
clsDeleteClientScreen.obj : error LNK2001: unresolved external symbol "public: __thiscall clsScreen::clsScreen(void)" (??0clsScreen@@$$FQAE@XZ)
clsDeleteUserScreen.obj : error LNK2001: unresolved external symbol "public: __thiscall clsScreen::clsScreen(void)" (??0clsScreen@@$$FQAE@XZ)
clsAddNewClientScreen.obj : error LNK2001: unresolved external symbol "public: __thiscall clsScreen::clsScreen(void)" (??0clsScreen@@$$FQAE@XZ)
clsAddNewUserScreen.obj : error LNK2001: unresolved external symbol "public: __thiscall clsScreen::clsScreen(void)" (??0clsScreen@@$$FQAE@XZ)
clsClientListScreen.obj : error LNK2001: unresolved external symbol "public: __thiscall clsScreen::clsScreen(void)" (??0clsScreen@@$$FQAE@XZ)
clsCurrenciesListScreen.obj : error LNK2001: unresolved external symbol "public: __thiscall clsScreen::clsScreen(void)" (??0clsScreen@@$$FQAE@XZ)
clsUpdateClientScrean.obj : error LNK2019: unresolved external symbol "public: virtual __thiscall clsScreen::~clsScreen(void)" (??1clsScreen@@$$FUAE@XZ) referenced in function "public: __thiscall clsUpdateClientScrean::clsUpdateClientScrean(void)" (??0clsUpdateClientScrean@@$$FQAE@XZ)
clsManageUserScreen.obj : error LNK2001: unresolved external symbol "public: virtual __thiscall clsScreen::~clsScreen(void)" (??1clsScreen@@$$FUAE@XZ)
clsTransactionScreen.obj : error LNK2001: unresolved external symbol "public: virtual __thiscall clsScreen::~clsScreen(void)" (??1clsScreen@@$$FUAE@XZ)
clsTransferRecordsScreen.obj : error LNK2001: unresolved external symbol "public: virtual __thiscall clsScreen::~clsScreen(void)" (??1clsScreen@@$$FUAE@XZ)
clsTransferScreen.obj : error LNK2001: unresolved external symbol "public: virtual __thiscall clsScreen::~clsScreen(void)" (??1clsScreen@@$$FUAE@XZ)
clsListUserScreen.obj : error LNK2001: unresolved external symbol "public: virtual __thiscall clsScreen::~clsScreen(void)" (??1clsScreen@@$$FUAE@XZ)
clsLoginRegisterScreen.obj : error LNK2001: unresolved external symbol "public: virtual __thiscall clsScreen::~clsScreen(void)" (??1clsScreen@@$$FUAE@XZ)
clsLoginScreen.obj : error LNK2001: unresolved external symbol "public: virtual __thiscall clsScreen::~clsScreen(void)" (??1clsScreen@@$$FUAE@XZ)
clsMainScreen.obj : error LNK2001: unresolved external symbol "public: virtual __thiscall clsScreen::~clsScreen(void)" (??1clsScreen@@$$FUAE@XZ)
clsDepositsScreen.obj : error LNK2001: unresolved external symbol "public: virtual __thiscall clsScreen::~clsScreen(void)" (??1clsScreen@@$$FUAE@XZ)
clsFindClientScreen.obj : error LNK2001: unresolved external symbol "public: virtual __thiscall clsScreen::~clsScreen(void)" (??1clsScreen@@$$FUAE@XZ)
clsFindCurrencyScreen.obj : error LNK2001: unresolved external symbol "public: virtual __thiscall clsScreen::~clsScreen(void)" (??1clsScreen@@$$FUAE@XZ)
clsFindUserScreen.obj : error LNK2001: unresolved external symbol "public: virtual __thiscall clsScreen::~clsScreen(void)" (??1clsScreen@@$$FUAE@XZ)
clsCurrencyCalculatorScreen.obj : error LNK2001: unresolved external symbol "public: virtual __thiscall clsScreen::~clsScreen(void)" (??1clsScreen@@$$FUAE@XZ)
clsCurrencyExchangeScreen.obj : error LNK2001: unresolved external symbol "public: virtual __thiscall clsScreen::~clsScreen(void)" (??1clsScreen@@$$FUAE@XZ)
clsDeleteClientScreen.obj : error LNK2001: unresolved external symbol "public: virtual __thiscall clsScreen::~clsScreen(void)" (??1clsScreen@@$$FUAE@XZ)
clsDeleteUserScreen.obj : error LNK2001: unresolved external symbol "public: virtual __thiscall clsScreen::~clsScreen(void)" (??1clsScreen@@$$FUAE@XZ)
clsAddNewClientScreen.obj : error LNK2001: unresolved external symbol "public: virtual __thiscall clsScreen::~clsScreen(void)" (??1clsScreen@@$$FUAE@XZ)
clsAddNewUserScreen.obj : error LNK2001: unresolved external symbol "public: virtual __thiscall clsScreen::~clsScreen(void)" (??1clsScreen@@$$FUAE@XZ)
clsClientListScreen.obj : error LNK2001: unresolved external symbol "public: virtual __thiscall clsScreen::~clsScreen(void)" (??1clsScreen@@$$FUAE@XZ)
clsCurrenciesListScreen.obj : error LNK2001: unresolved external symbol "public: virtual __thiscall clsScreen::~clsScreen(void)" (??1clsScreen@@$$FUAE@XZ)
C:\Users\smart\Dropbox\CppProgramming\Cpp_OOP_L2\OOP_Projects_Bank_Class\Debug\cpp_bank_oop_t.exe : fatal error LNK1120: 70 unresolved externals
